<?xml version="1.0" encoding="UTF-8"?>
<!-- Generated by org.testng.reporters.JUnitReportReporter -->
<testsuite hostname="DESKTOP-9OTVNOD" failures="0" tests="6" name="com.swagLabs.sauceDemo.testScript.StandardUserLogin" time="5.502" errors="0" timestamp="2022-12-29T20:54:41 EST" skipped="0">
  <testcase classname="com.swagLabs.sauceDemo.testScript.StandardUserLogin" name="userName" time="0.866"/>
  <system-out/>
  <testcase classname="com.swagLabs.sauceDemo.testScript.StandardUserLogin" name="userName" time="0.652"/>
  <system-out/>
  <testcase classname="com.swagLabs.sauceDemo.testScript.StandardUserLogin" name="password" time="0.750"/>
  <system-out/>
  <testcase classname="com.swagLabs.sauceDemo.testScript.StandardUserLogin" name="password" time="0.682"/>
  <system-out/>
  <testcase classname="com.swagLabs.sauceDemo.testScript.StandardUserLogin" name="login" time="1.572"/>
  <system-out/>
  <testcase classname="com.swagLabs.sauceDemo.testScript.StandardUserLogin" name="login" time="0.980"/>
  <system-out/>
</testsuite> <!-- com.swagLabs.sauceDemo.testScript.StandardUserLogin -->
