<?xml version="1.0" encoding="UTF-8"?>
<!-- Generated by org.testng.reporters.JUnitReportReporter -->
<testsuite hostname="DESKTOP-9OTVNOD" failures="0" tests="3" name="com.swagLabs.sauceDemo.testScript.LockedOutUserLogin" time="1.794" errors="0" timestamp="2022-12-29T20:06:47 EST" skipped="0">
  <testcase classname="com.swagLabs.sauceDemo.testScript.LockedOutUserLogin" name="userName" time="0.983"/>
  <system-out/>
  <testcase classname="com.swagLabs.sauceDemo.testScript.LockedOutUserLogin" name="password" time="0.502"/>
  <system-out/>
  <testcase classname="com.swagLabs.sauceDemo.testScript.LockedOutUserLogin" name="login" time="0.309"/>
  <system-out/>
</testsuite> <!-- com.swagLabs.sauceDemo.testScript.LockedOutUserLogin -->
