<?xml version="1.0" encoding="UTF-8"?>
<!-- Generated by org.testng.reporters.JUnitReportReporter -->
<testsuite hostname="DESKTOP-9OTVNOD" failures="0" tests="2" name="basicTestng.BasicTestngLearning" time="0.040" errors="0" timestamp="2022-12-29T21:37:44 EST" skipped="0">
  <testcase classname="basicTestng.BasicTestngLearning" name="testC" time="0.009"/>
  <system-out/>
  <testcase classname="basicTestng.BasicTestngLearning" name="testB" time="0.031"/>
  <system-out/>
</testsuite> <!-- basicTestng.BasicTestngLearning -->
