<?xml version="1.0" encoding="UTF-8"?>
<!-- Generated by org.testng.reporters.JUnitReportReporter -->
<testsuite hostname="DESKTOP-9OTVNOD" failures="0" tests="3" name="com.swagLabs.sauceDemo.testScript.PerformanceGlitchUserLogin" time="8.143" errors="0" timestamp="2022-12-29T20:06:47 EST" skipped="0">
  <testcase classname="com.swagLabs.sauceDemo.testScript.PerformanceGlitchUserLogin" name="userName" time="0.570"/>
  <system-out/>
  <testcase classname="com.swagLabs.sauceDemo.testScript.PerformanceGlitchUserLogin" name="password" time="0.548"/>
  <system-out/>
  <testcase classname="com.swagLabs.sauceDemo.testScript.PerformanceGlitchUserLogin" name="login" time="7.025"/>
  <system-out/>
</testsuite> <!-- com.swagLabs.sauceDemo.testScript.PerformanceGlitchUserLogin -->
