<?xml version="1.0" encoding="UTF-8"?>
<!-- Generated by org.testng.reporters.JUnitReportReporter -->
<testsuite hostname="DESKTOP-9OTVNOD" failures="0" tests="3" name="com.swagLabs.sauceDemo.testScript.ProblemUserLogin" time="1.580" errors="0" timestamp="2023-01-10T21:54:52 EST" skipped="0">
  <testcase classname="com.swagLabs.sauceDemo.testScript.ProblemUserLogin" name="userName" time="0.767"/>
  <system-out/>
  <testcase classname="com.swagLabs.sauceDemo.testScript.ProblemUserLogin" name="password" time="0.192"/>
  <system-out/>
  <testcase classname="com.swagLabs.sauceDemo.testScript.ProblemUserLogin" name="login" time="0.621"/>
  <system-out/>
</testsuite> <!-- com.swagLabs.sauceDemo.testScript.ProblemUserLogin -->
