<?xml version="1.0" encoding="UTF-8"?>
<!-- Generated by org.testng.reporters.JUnitReportReporter -->
<testsuite hostname="DESKTOP-9OTVNOD" failures="0" tests="3" name="com.swagLabs.sauceDemo.testScript.StandardUserLogin" time="5.190" errors="0" timestamp="2023-01-10T21:53:57 EST" skipped="0">
  <testcase classname="com.swagLabs.sauceDemo.testScript.StandardUserLogin" name="userName" time="1.629"/>
  <system-out/>
  <testcase classname="com.swagLabs.sauceDemo.testScript.StandardUserLogin" name="password" time="2.069"/>
  <system-out/>
  <testcase classname="com.swagLabs.sauceDemo.testScript.StandardUserLogin" name="login" time="1.492"/>
  <system-out/>
</testsuite> <!-- com.swagLabs.sauceDemo.testScript.StandardUserLogin -->
