<?xml version="1.0" encoding="UTF-8"?>
<!-- Generated by org.testng.reporters.JUnitReportReporter -->
<testsuite hostname="DESKTOP-9OTVNOD" failures="0" tests="3" name="basicTestng.BasicTestngLearning" time="0.056" errors="0" timestamp="2022-12-27T20:20:54 EST" skipped="0">
  <testcase classname="basicTestng.BasicTestngLearning" name="testB" time="0.014"/>
  <system-out/>
  <testcase classname="basicTestng.BasicTestngLearning" name="testA" time="0.028"/>
  <system-out/>
  <testcase classname="basicTestng.BasicTestngLearning" name="testC" time="0.014"/>
  <system-out/>
</testsuite> <!-- basicTestng.BasicTestngLearning -->
