<?xml version="1.0" encoding="UTF-8"?>
<!-- Generated by org.testng.reporters.JUnitReportReporter -->
<testsuite hostname="DESKTOP-9OTVNOD" failures="0" tests="3" name="com.swagLabs.sauceDemo.testScript.ProblemUserLogin" time="2.009" errors="0" timestamp="2022-12-29T20:06:47 EST" skipped="0">
  <testcase classname="com.swagLabs.sauceDemo.testScript.ProblemUserLogin" name="userName" time="0.593"/>
  <system-out/>
  <testcase classname="com.swagLabs.sauceDemo.testScript.ProblemUserLogin" name="password" time="0.422"/>
  <system-out/>
  <testcase classname="com.swagLabs.sauceDemo.testScript.ProblemUserLogin" name="login" time="0.994"/>
  <system-out/>
</testsuite> <!-- com.swagLabs.sauceDemo.testScript.ProblemUserLogin -->
