<?xml version="1.0" encoding="UTF-8"?>
<!-- Generated by org.testng.reporters.JUnitReportReporter -->
<testsuite hostname="DESKTOP-9OTVNOD" failures="0" tests="3" name="basicTestng.SauceDemo" time="2.832" errors="0" timestamp="2022-12-27T21:58:17 EST" skipped="0">
  <testcase classname="basicTestng.SauceDemo" name="login" time="0.588"/>
  <system-out/>
  <testcase classname="basicTestng.SauceDemo" name="password" time="1.430"/>
  <system-out/>
  <testcase classname="basicTestng.SauceDemo" name="userName" time="0.814"/>
  <system-out/>
</testsuite> <!-- basicTestng.SauceDemo -->
