<?xml version="1.0" encoding="UTF-8"?>
<!-- Generated by org.testng.reporters.JUnitReportReporter -->
<testsuite hostname="DESKTOP-9OTVNOD" failures="0" tests="1" name="basicTestng.LearningAnnotations" time="0.052" errors="0" timestamp="2022-12-27T20:57:06 EST" skipped="0">
  <testcase classname="basicTestng.LearningAnnotations" name="test" time="0.052"/>
  <system-out/>
</testsuite> <!-- basicTestng.LearningAnnotations -->
