<?xml version="1.0" encoding="UTF-8"?>
<!-- Generated by org.testng.reporters.JUnitReportReporter -->
<testsuite hostname="DESKTOP-9OTVNOD" failures="0" tests="4" name="basicTestng.AnyClass" time="0.046" errors="0" timestamp="2022-12-27T21:21:38 EST" skipped="1">
  <testcase classname="basicTestng.AnyClass" name="testA" time="0.030"/>
  <system-out/>
  <testcase classname="basicTestng.AnyClass" name="testD" time="0.009"/>
  <system-out/>
  <testcase classname="basicTestng.AnyClass" name="testC" time="0.007"/>
  <system-out/>
  <testcase classname="basicTestng.AnyClass" name="testB">
    <skipped/>
  </testcase> <!-- testB -->
  <system-out/>
</testsuite> <!-- basicTestng.AnyClass -->
